<?xml version="1.0" encoding="UTF-8"?>
<testsuite name="com.example.runner.RunCucumberTest" tests="10" skipped="4" failures="0" errors="0" timestamp="2026-08-20T10:34:36" hostname="WIN-BTFKRIFOG8D" time="0.159">
  <properties/>
  <testcase name="Успешное бронирование" classname="com.example.runner.RunCucumberTest" time="0.088"/>
  <testcase name="Отказ в бронировании, когда нет свободных столов" classname="com.example.runner.RunCucumberTest" time="0.001">
    <skipped/>
  </testcase>
  <testcase name="Отказ в бронировании, когда нет подходящих столов" classname="com.example.runner.RunCucumberTest" time="0.0">
    <skipped/>
  </testcase>
  <testcase name="Отмена бронирования" classname="com.example.runner.RunCucumberTest" time="0.011"/>
  <testcase name="Example #1.1" classname="com.example.runner.RunCucumberTest" time="0.012"/>
  <testcase name="Example #1.2" classname="com.example.runner.RunCucumberTest" time="0.011"/>
  <testcase name="Example #2.1" classname="com.example.runner.RunCucumberTest" time="0.0">
    <skipped/>
  </testcase>
  <testcase name="Example #2.2" classname="com.example.runner.RunCucumberTest" time="0.0">
    <skipped/>
  </testcase>
  <testcase name="Добавление столов" classname="com.example.runner.RunCucumberTest" time="0.012"/>
  <testcase name="Сохранение особого пожелания гостя" classname="com.example.runner.RunCucumberTest" time="0.008"/>
  <system-out><![CDATA[
@smoke
Сценарий: Успешное бронирование                ?[90m# features/ booking.feature:6?[0m
Название сценария: Успешное бронирование
Стол
  ?[32mДано ?[0m?[32mстол №?[0m?[32m?[1m3?[0m                                 ?[90m# com.example.steps.Steps.table(int)?[0m
Статус стола
  ?[32mДано ?[0m?[32mстатус стола ?[0m?[32m?[1m"Свободен"?[0m                 ?[90m# com.example.steps.Steps.tableStatus(java.lang.String)?[0m
Вместимость стола
  ?[32mДано ?[0m?[32mвместимость стола ?[0m?[32m?[1m6?[0m?[32m мест?[0m                ?[90m# com.example.steps.Steps.вместимостьСтолаМест(int)?[0m
Клиент бронирует столик
  ?[32mКогда ?[0m?[32mклиент бронирует столик №?[0m?[32m?[1m3?[0m?[32m на ?[0m?[32m?[1m4?[0m?[32m гостей?[0m ?[90m# com.example.steps.Steps.клиентБронируетСтоликНаГостей(int,int)?[0m
Статус стола меняется
  ?[32mТогда ?[0m?[32mстатус стола становится ?[0m?[32m?[1m"Забронирован"?[0m ?[90m# com.example.steps.Steps.статусСтолаСтановится(java.lang.String)?[0m
Статус сценария: false

Сценарий: Отмена бронирования              ?[90m# features/ booking.feature:49?[0m
Название сценария: Отмена бронирования
Стол
  ?[32mДано ?[0m?[32mстол №?[0m?[32m?[1m3?[0m                             ?[90m# com.example.steps.Steps.table(int)?[0m
Статус стола
  ?[32mДано ?[0m?[32mстатус стола ?[0m?[32m?[1m"Забронирован"?[0m         ?[90m# com.example.steps.Steps.tableStatus(java.lang.String)?[0m
Клиент отменяет бронирование
  ?[32mКогда ?[0m?[32mклиент отменяет бронирование?[0m       ?[90m# com.example.steps.Steps.клиентОтменяетБронирование()?[0m
Статус стола меняется
  ?[32mТогда ?[0m?[32mстатус стола становится ?[0m?[32m?[1m"Свободен"?[0m ?[90m# com.example.steps.Steps.статусСтолаСтановится(java.lang.String)?[0m
Статус сценария: false

@smoke
Структура сценария: Бронирование при разной вместимости стола ?[90m# features/ booking.feature:69?[0m
Название сценария: Бронирование при разной вместимости стола
Стол
  ?[32mДано ?[0m?[32mстол №?[0m?[32m?[1m3?[0m                                                ?[90m# com.example.steps.Steps.table(int)?[0m
Статус стола
  ?[32mДано ?[0m?[32mстатус стола ?[0m?[32m?[1m"Свободен"?[0m                                ?[90m# com.example.steps.Steps.tableStatus(java.lang.String)?[0m
Вместимость стола
  ?[32mДано ?[0m?[32mвместимость стола ?[0m?[32m?[1m6?[0m?[32m мест?[0m                               ?[90m# com.example.steps.Steps.вместимостьСтолаМест(int)?[0m
Клиент пытается забронировать столик
  ?[32mКогда ?[0m?[32mклиент пытается забронировать столик для ?[0m?[32m?[1m6?[0m?[32m гостей?[0m     ?[90m# com.example.steps.Steps.клиентПытаетсяЗабронироватьСтоликДляГостей(int)?[0m
Результат бронирования
  ?[32mТогда ?[0m?[32mрезультат бронирования ?[0m?[32m?[1m"успешно"?[0m                      ?[90m# com.example.steps.Steps.результатБронирования(java.lang.String)?[0m
Статус сценария: false

@smoke
Структура сценария: Бронирование при разной вместимости стола ?[90m# features/ booking.feature:70?[0m
Название сценария: Бронирование при разной вместимости стола
Стол
  ?[32mДано ?[0m?[32mстол №?[0m?[32m?[1m3?[0m                                                ?[90m# com.example.steps.Steps.table(int)?[0m
Статус стола
  ?[32mДано ?[0m?[32mстатус стола ?[0m?[32m?[1m"Свободен"?[0m                                ?[90m# com.example.steps.Steps.tableStatus(java.lang.String)?[0m
Вместимость стола
  ?[32mДано ?[0m?[32mвместимость стола ?[0m?[32m?[1m4?[0m?[32m мест?[0m                               ?[90m# com.example.steps.Steps.вместимостьСтолаМест(int)?[0m
Клиент пытается забронировать столик
  ?[32mКогда ?[0m?[32mклиент пытается забронировать столик для ?[0m?[32m?[1m3?[0m?[32m гостей?[0m     ?[90m# com.example.steps.Steps.клиентПытаетсяЗабронироватьСтоликДляГостей(int)?[0m
Результат бронирования
  ?[32mТогда ?[0m?[32mрезультат бронирования ?[0m?[32m?[1m"успешно"?[0m                      ?[90m# com.example.steps.Steps.результатБронирования(java.lang.String)?[0m
Статус сценария: false

Сценарий: Добавление столов      ?[90m# features/ booking.feature:79?[0m
Название сценария: Добавление столов
[{номер=1, вместимость=2}, {номер=2, вместимость=4}, {номер=3, вместимость=6}, {номер=4, вместимость=4}, {номер=5, вместимость=5}]
  ?[32mДано ?[0m?[32mв ресторане есть столики:?[0m ?[90m# com.example.steps.Steps.вРесторанеЕстьСтолики(io.cucumber.datatable.DataTable)?[0m
    | номер | вместимость |
    | 1     | 2           |
    | 2     | 4           |
    | 3     | 6           |
    | 4     | 4           |
    | 5     | 5           |
Статус сценария: false

Сценарий: Сохранение особого пожелания гостя        ?[90m# features/ booking.feature:89?[0m
Название сценария: Сохранение особого пожелания гостя
Стол
  ?[32mДано ?[0m?[32mстол №?[0m?[32m?[1m3?[0m                                      ?[90m# com.example.steps.Steps.table(int)?[0m
Статус стола
  ?[32mДано ?[0m?[32mстатус стола ?[0m?[32m?[1m"Свободен"?[0m                      ?[90m# com.example.steps.Steps.tableStatus(java.lang.String)?[0m
Вместимость стола
  ?[32mДано ?[0m?[32mвместимость стола ?[0m?[32m?[1m6?[0m?[32m мест?[0m                     ?[90m# com.example.steps.Steps.вместимостьСтолаМест(int)?[0m
Клиент бронирует столик
  ?[32mИ ?[0m?[32mклиент бронирует столик №?[0m?[32m?[1m3?[0m?[32m на ?[0m?[32m?[1m5?[0m?[32m гостей?[0m          ?[90m# com.example.steps.Steps.клиентБронируетСтоликНаГостей(int,int)?[0m
Особое пожелание от гостя: 
Пожалуйста, столик подальше от кухни,
у вас там пахнет болотом.
А еще хочу, чтобы официанты были в бабочках
и жонглировали апельсинами.
  ?[32mКогда ?[0m?[32mгость оставляет пожелание к брони:?[0m          ?[90m# com.example.steps.Steps.гостьОставляетПожеланиеКБрони(java.lang.String)?[0m
Особое пожелание записано
  ?[32mТогда ?[0m?[32mпожелание записывается в поле ?[0m?[32m?[1m"Комментарий"?[0m ?[90m# com.example.steps.Steps.пожеланиеЗаписываетсяВПоле(java.lang.String)?[0m
Статус сценария: false
]]></system-out>
  <system-err><![CDATA[]]></system-err>
</testsuite>
